<?xml version="1.0" encoding="UTF-8"?>
<!-- Generated by org.testng.reporters.JUnitReportReporter -->
<testsuite hostname="DESKTOP-MOB5JUI" failures="0" tests="4" name="api.tests.UserTests2" time="16.794" errors="0" timestamp="2023-04-07T19:52:32 IST" skipped="0">
  <testcase classname="api.tests.UserTests2" name="testPostUser" time="8.683"/>
  <system-out/>
  <testcase classname="api.tests.UserTests2" name="testGetUserByName" time="2.057"/>
  <system-out/>
  <testcase classname="api.tests.UserTests2" name="testUpadteUserByName" time="3.976"/>
  <system-out/>
  <testcase classname="api.tests.UserTests2" name="testDeleteUser" time="2.078"/>
  <system-out/>
</testsuite> <!-- api.tests.UserTests2 -->
