<?xml version="1.0" encoding="UTF-8"?>
<!-- Generated by org.testng.reporters.JUnitReportReporter -->
<testsuite hostname="DESKTOP-MOB5JUI" failures="0" tests="8" name="api.tests.DDTests" time="21.771" errors="0" timestamp="2023-04-06T20:55:48 IST" skipped="0">
  <testcase classname="api.tests.DDTests" name="testPostUser" time="1.870"/>
  <system-out/>
  <testcase classname="api.tests.DDTests" name="testPostUser" time="7.473"/>
  <system-out/>
  <testcase classname="api.tests.DDTests" name="testPostUser" time="1.858"/>
  <system-out/>
  <testcase classname="api.tests.DDTests" name="testPostUser" time="2.050"/>
  <system-out/>
  <testcase classname="api.tests.DDTests" name="deleteUserByName" time="1.882"/>
  <system-out/>
  <testcase classname="api.tests.DDTests" name="deleteUserByName" time="2.505"/>
  <system-out/>
  <testcase classname="api.tests.DDTests" name="deleteUserByName" time="2.316"/>
  <system-out/>
  <testcase classname="api.tests.DDTests" name="deleteUserByName" time="1.817"/>
  <system-out/>
</testsuite> <!-- api.tests.DDTests -->
