<?xml version="1.0" encoding="UTF-8"?>
<!-- Generated by org.testng.reporters.JUnitReportReporter -->
<testsuite hostname="DESKTOP-MOB5JUI" failures="0" tests="4" name="api.tests.UserTests" time="15.618" errors="0" timestamp="2023-04-07T18:35:50 IST" skipped="0">
  <testcase classname="api.tests.UserTests" name="testPostUser" time="7.743"/>
  <system-out/>
  <testcase classname="api.tests.UserTests" name="testGetUserByName" time="1.952"/>
  <system-out/>
  <testcase classname="api.tests.UserTests" name="testUpadteUserByName" time="3.970"/>
  <system-out/>
  <testcase classname="api.tests.UserTests" name="testDeleteUser" time="1.953"/>
  <system-out/>
</testsuite> <!-- api.tests.UserTests -->
