<?xml version="1.0" encoding="UTF-8"?>
<!-- Generated by org.testng.reporters.JUnitReportReporter -->
<testsuite hostname="DESKTOP-MOB5JUI" failures="0" tests="4" name="api.tests.UserTests2" time="20.226" errors="0" timestamp="2023-04-07T20:55:55 IST" skipped="0">
  <testcase classname="api.tests.UserTests2" name="testPostUser" time="9.973"/>
  <system-out/>
  <testcase classname="api.tests.UserTests2" name="testGetUserByName" time="2.755"/>
  <system-out/>
  <testcase classname="api.tests.UserTests2" name="testUpadteUserByName" time="5.200"/>
  <system-out/>
  <testcase classname="api.tests.UserTests2" name="testDeleteUser" time="2.298"/>
  <system-out/>
</testsuite> <!-- api.tests.UserTests2 -->
